<?xml version="1.0" encoding="UTF-8"?>
<!-- Generated by org.testng.reporters.JUnitReportReporter -->
<testsuite skipped="0" hostname="BBLPT0792" name="taTest.NewTest" tests="1" failures="0" timestamp="17 Apr 2018 18:44:04 GMT" time="4.123" errors="0">
  <testcase name="testEasy" time="4.123" classname="taTest.NewTest"/>
</testsuite> <!-- taTest.NewTest -->
