<?xml version="1.0" encoding="UTF-8"?>
<!-- Generated by org.testng.reporters.JUnitReportReporter -->
<testsuite hostname="BBLPT0792" name="taTest.NewTest" tests="1" failures="0" timestamp="6 Apr 2018 03:56:39 GMT" time="4.518" errors="0">
  <testcase name="testEasy" time="4.518" classname="taTest.NewTest"/>
</testsuite> <!-- taTest.NewTest -->
